Started GET "/" for 127.0.0.1 at 2023-03-22 10:33:56 +0300
Processing by Rails::WelcomeController#index as HTML
  Rendering /Users/fred/.rvm/gems/ruby-2.7.4/gems/railties-7.0.4.3/lib/rails/templates/rails/welcome/index.html.erb
  Rendered /Users/fred/.rvm/gems/ruby-2.7.4/gems/railties-7.0.4.3/lib/rails/templates/rails/welcome/index.html.erb (Duration: 4.4ms | Allocations: 773)
Completed 200 OK in 37ms (Views: 15.8ms | ActiveRecord: 0.0ms | Allocations: 6652)


Started GET "/" for 127.0.0.1 at 2023-03-22 10:34:09 +0300
Processing by Rails::WelcomeController#index as HTML
  Rendering /Users/fred/.rvm/gems/ruby-2.7.4/gems/railties-7.0.4.3/lib/rails/templates/rails/welcome/index.html.erb
  Rendered /Users/fred/.rvm/gems/ruby-2.7.4/gems/railties-7.0.4.3/lib/rails/templates/rails/welcome/index.html.erb (Duration: 2.9ms | Allocations: 451)
Completed 200 OK in 6ms (Views: 5.1ms | ActiveRecord: 0.0ms | Allocations: 1149)


  [1m[35m (5.8ms)[0m  [1m[35mCREATE TABLE "schema_migrations" ("version" varchar NOT NULL PRIMARY KEY)[0m
  [1m[35m (1.3ms)[0m  [1m[35mCREATE TABLE "ar_internal_metadata" ("key" varchar NOT NULL PRIMARY KEY, "value" varchar, "created_at" datetime(6) NOT NULL, "updated_at" datetime(6) NOT NULL)[0m
  [1m[36mActiveRecord::SchemaMigration Pluck (0.8ms)[0m  [1m[34mSELECT "schema_migrations"."version" FROM "schema_migrations" ORDER BY "schema_migrations"."version" ASC[0m
Migrating to CreateUsers (20230322074149)
  [1m[36mTRANSACTION (0.1ms)[0m  [1m[36mbegin transaction[0m
  [1m[35m (0.8ms)[0m  [1m[35mCREATE TABLE "users" ("id" integer PRIMARY KEY AUTOINCREMENT NOT NULL, "username" varchar NOT NULL, "email" varchar NOT NULL, "password_digest" varchar NOT NULL, "created_at" datetime(6) NOT NULL, "updated_at" datetime(6) NOT NULL)[0m
  [1m[36mActiveRecord::SchemaMigration Create (0.7ms)[0m  [1m[32mINSERT INTO "schema_migrations" ("version") VALUES (?)[0m  [["version", "20230322074149"]]
  [1m[36mTRANSACTION (1.3ms)[0m  [1m[36mcommit transaction[0m
  [1m[36mActiveRecord::InternalMetadata Load (0.3ms)[0m  [1m[34mSELECT "ar_internal_metadata".* FROM "ar_internal_metadata" WHERE "ar_internal_metadata"."key" = ? LIMIT ?[0m  [["key", "environment"], ["LIMIT", 1]]
  [1m[36mTRANSACTION (0.1ms)[0m  [1m[36mbegin transaction[0m
  [1m[36mActiveRecord::InternalMetadata Create (0.9ms)[0m  [1m[32mINSERT INTO "ar_internal_metadata" ("key", "value", "created_at", "updated_at") VALUES (?, ?, ?, ?)[0m  [["key", "environment"], ["value", "development"], ["created_at", "2023-03-22 07:52:16.192084"], ["updated_at", "2023-03-22 07:52:16.192084"]]
  [1m[36mTRANSACTION (0.9ms)[0m  [1m[36mcommit transaction[0m
  [1m[36mActiveRecord::SchemaMigration Pluck (0.1ms)[0m  [1m[34mSELECT "schema_migrations"."version" FROM "schema_migrations" ORDER BY "schema_migrations"."version" ASC[0m
Started GET "/" for 127.0.0.1 at 2023-03-22 10:58:00 +0300
  [1m[36mActiveRecord::SchemaMigration Pluck (0.6ms)[0m  [1m[34mSELECT "schema_migrations"."version" FROM "schema_migrations" ORDER BY "schema_migrations"."version" ASC[0m
Processing by Rails::WelcomeController#index as HTML
  Rendering /Users/fred/.rvm/gems/ruby-2.7.4/gems/railties-7.0.4.3/lib/rails/templates/rails/welcome/index.html.erb
  Rendered /Users/fred/.rvm/gems/ruby-2.7.4/gems/railties-7.0.4.3/lib/rails/templates/rails/welcome/index.html.erb (Duration: 0.1ms | Allocations: 16)
Completed 200 OK in 1ms (Views: 0.6ms | ActiveRecord: 0.0ms | Allocations: 197)


Started GET "/" for 127.0.0.1 at 2023-03-22 11:15:01 +0300
Processing by Rails::WelcomeController#index as HTML
  Rendering /Users/fred/.rvm/gems/ruby-2.7.4/gems/railties-7.0.4.3/lib/rails/templates/rails/welcome/index.html.erb
  Rendered /Users/fred/.rvm/gems/ruby-2.7.4/gems/railties-7.0.4.3/lib/rails/templates/rails/welcome/index.html.erb (Duration: 0.1ms | Allocations: 16)
Completed 200 OK in 1ms (Views: 0.7ms | Allocations: 197)


Started POST "/users" for 127.0.0.1 at 2023-03-22 11:21:42 +0300
  [1m[36mActiveRecord::SchemaMigration Pluck (0.8ms)[0m  [1m[34mSELECT "schema_migrations"."version" FROM "schema_migrations" ORDER BY "schema_migrations"."version" ASC[0m
  
SyntaxError (/Users/fred/Development/code/phase4/projects/Tasker/api/app/models/user.rb:7: syntax error, unexpected local variable or method, expecting '}'
        presence: true
        ^~~~~~~~
):
  
app/models/user.rb:7: syntax error, unexpected local variable or method, expecting '}'
app/models/user.rb:7: syntax error, unexpected local variable or method, expecting '}'
Started POST "/users" for 127.0.0.1 at 2023-03-22 11:23:21 +0300
  
SyntaxError (/Users/fred/Development/code/phase4/projects/Tasker/api/app/models/user.rb:7: syntax error, unexpected local variable or method, expecting '}'
        presence: true
        ^~~~~~~~
):
  
app/models/user.rb:7: syntax error, unexpected local variable or method, expecting '}'
app/models/user.rb:7: syntax error, unexpected local variable or method, expecting '}'
Started POST "/users" for 127.0.0.1 at 2023-03-22 11:24:16 +0300
Processing by UsersController#register as */*
  Parameters: {"username"=>"sdf-ft03-a", "email"=>"mail@moringaschool.com", "password"=>"[FILTERED]", "user"=>{"username"=>"sdf-ft03-a", "email"=>"mail@moringaschool.com"}}
[31mUnpermitted parameter: :user. Context: { controller: UsersController, action: register, request: #<ActionDispatch::Request:0x00007fce3e3cf988>, params: {"username"=>"sdf-ft03-a", "email"=>"mail@moringaschool.com", "password"=>"[FILTERED]", "controller"=>"users", "action"=>"register", "user"=>{"username"=>"sdf-ft03-a", "email"=>"mail@moringaschool.com"}} }[0m
  [1m[36mTRANSACTION (0.2ms)[0m  [1m[36mbegin transaction[0m
  ↳ app/controllers/users_controller.rb:4:in `register'
  [1m[36mUser Exists? (0.6ms)[0m  [1m[34mSELECT 1 AS one FROM "users" WHERE "users"."username" = ? LIMIT ?[0m  [["username", "sdf-ft03-a"], ["LIMIT", 1]]
  ↳ app/controllers/users_controller.rb:4:in `register'
  [1m[36mUser Exists? (0.1ms)[0m  [1m[34mSELECT 1 AS one FROM "users" WHERE "users"."email" = ? LIMIT ?[0m  [["email", "mail@moringaschool.com"], ["LIMIT", 1]]
  ↳ app/controllers/users_controller.rb:4:in `register'
  [1m[36mTRANSACTION (0.1ms)[0m  [1m[31mrollback transaction[0m
  ↳ app/controllers/users_controller.rb:4:in `register'
  [1m[36mUser Exists? (0.5ms)[0m  [1m[34mSELECT 1 AS one FROM "users" WHERE "users"."username" = ? LIMIT ?[0m  [["username", "sdf-ft03-a"], ["LIMIT", 1]]
  ↳ app/controllers/users_controller.rb:5:in `register'
  [1m[36mUser Exists? (0.3ms)[0m  [1m[34mSELECT 1 AS one FROM "users" WHERE "users"."email" = ? LIMIT ?[0m  [["email", "mail@moringaschool.com"], ["LIMIT", 1]]
  ↳ app/controllers/users_controller.rb:5:in `register'
Completed 422 Unprocessable Entity in 417ms (Views: 21.2ms | ActiveRecord: 3.1ms | Allocations: 42008)


Started POST "/users" for 127.0.0.1 at 2023-03-22 11:24:24 +0300
Processing by UsersController#register as */*
  Parameters: {"username"=>"sdf-ft03-a", "email"=>"mail@moringaschool.com", "password"=>"[FILTERED]", "user"=>{"username"=>"sdf-ft03-a", "email"=>"mail@moringaschool.com"}}
[31mUnpermitted parameter: :user. Context: { controller: UsersController, action: register, request: #<ActionDispatch::Request:0x00007fce4200dfa8>, params: {"username"=>"sdf-ft03-a", "email"=>"mail@moringaschool.com", "password"=>"[FILTERED]", "controller"=>"users", "action"=>"register", "user"=>{"username"=>"sdf-ft03-a", "email"=>"mail@moringaschool.com"}} }[0m
  [1m[36mTRANSACTION (0.2ms)[0m  [1m[36mbegin transaction[0m
  ↳ app/controllers/users_controller.rb:4:in `register'
  [1m[36mUser Exists? (0.3ms)[0m  [1m[34mSELECT 1 AS one FROM "users" WHERE "users"."username" = ? LIMIT ?[0m  [["username", "sdf-ft03-a"], ["LIMIT", 1]]
  ↳ app/controllers/users_controller.rb:4:in `register'
  [1m[36mUser Exists? (0.2ms)[0m  [1m[34mSELECT 1 AS one FROM "users" WHERE "users"."email" = ? LIMIT ?[0m  [["email", "mail@moringaschool.com"], ["LIMIT", 1]]
  ↳ app/controllers/users_controller.rb:4:in `register'
  [1m[36mTRANSACTION (0.1ms)[0m  [1m[31mrollback transaction[0m
  ↳ app/controllers/users_controller.rb:4:in `register'
  [1m[36mUser Exists? (0.4ms)[0m  [1m[34mSELECT 1 AS one FROM "users" WHERE "users"."username" = ? LIMIT ?[0m  [["username", "sdf-ft03-a"], ["LIMIT", 1]]
  ↳ app/controllers/users_controller.rb:5:in `register'
  [1m[36mUser Exists? (0.4ms)[0m  [1m[34mSELECT 1 AS one FROM "users" WHERE "users"."email" = ? LIMIT ?[0m  [["email", "mail@moringaschool.com"], ["LIMIT", 1]]
  ↳ app/controllers/users_controller.rb:5:in `register'
Completed 422 Unprocessable Entity in 339ms (Views: 2.7ms | ActiveRecord: 1.5ms | Allocations: 4224)


Started POST "/users" for 127.0.0.1 at 2023-03-22 11:24:36 +0300
Processing by UsersController#register as */*
  Parameters: {"username"=>"sdf-ft03", "email"=>"mail@moringaschool.com", "password"=>"[FILTERED]", "user"=>{"username"=>"sdf-ft03", "email"=>"mail@moringaschool.com"}}
[31mUnpermitted parameter: :user. Context: { controller: UsersController, action: register, request: #<ActionDispatch::Request:0x00007fce42128488>, params: {"username"=>"sdf-ft03", "email"=>"mail@moringaschool.com", "password"=>"[FILTERED]", "controller"=>"users", "action"=>"register", "user"=>{"username"=>"sdf-ft03", "email"=>"mail@moringaschool.com"}} }[0m
  [1m[36mTRANSACTION (0.1ms)[0m  [1m[36mbegin transaction[0m
  ↳ app/controllers/users_controller.rb:4:in `register'
  [1m[36mUser Exists? (0.3ms)[0m  [1m[34mSELECT 1 AS one FROM "users" WHERE "users"."username" = ? LIMIT ?[0m  [["username", "sdf-ft03"], ["LIMIT", 1]]
  ↳ app/controllers/users_controller.rb:4:in `register'
  [1m[36mUser Exists? (0.1ms)[0m  [1m[34mSELECT 1 AS one FROM "users" WHERE "users"."email" = ? LIMIT ?[0m  [["email", "mail@moringaschool.com"], ["LIMIT", 1]]
  ↳ app/controllers/users_controller.rb:4:in `register'
  [1m[36mUser Create (2.0ms)[0m  [1m[32mINSERT INTO "users" ("username", "email", "password_digest", "created_at", "updated_at") VALUES (?, ?, ?, ?, ?)[0m  [["username", "sdf-ft03"], ["email", "mail@moringaschool.com"], ["password_digest", "[FILTERED]"], ["created_at", "2023-03-22 08:24:36.477430"], ["updated_at", "2023-03-22 08:24:36.477430"]]
  ↳ app/controllers/users_controller.rb:4:in `register'
  [1m[36mTRANSACTION (1.1ms)[0m  [1m[36mcommit transaction[0m
  ↳ app/controllers/users_controller.rb:4:in `register'
  [1m[36mUser Exists? (0.2ms)[0m  [1m[34mSELECT 1 AS one FROM "users" WHERE "users"."username" = ? AND "users"."id" != ? LIMIT ?[0m  [["username", "sdf-ft03"], ["id", 1], ["LIMIT", 1]]
  ↳ app/controllers/users_controller.rb:5:in `register'
  [1m[36mUser Exists? (0.2ms)[0m  [1m[34mSELECT 1 AS one FROM "users" WHERE "users"."email" = ? AND "users"."id" != ? LIMIT ?[0m  [["email", "mail@moringaschool.com"], ["id", 1], ["LIMIT", 1]]
  ↳ app/controllers/users_controller.rb:5:in `register'
Completed 201 Created in 341ms (Views: 1.3ms | ActiveRecord: 4.0ms | Allocations: 4666)


Started GET "/" for 127.0.0.1 at 2023-03-22 18:01:37 +0300
Processing by Rails::WelcomeController#index as HTML
  Rendering /Users/fred/.rvm/gems/ruby-2.7.4/gems/railties-7.0.4.3/lib/rails/templates/rails/welcome/index.html.erb
  Rendered /Users/fred/.rvm/gems/ruby-2.7.4/gems/railties-7.0.4.3/lib/rails/templates/rails/welcome/index.html.erb (Duration: 10.2ms | Allocations: 665)
Completed 200 OK in 46ms (Views: 23.4ms | Allocations: 5330)


Started GET "/" for 127.0.0.1 at 2023-03-22 18:01:39 +0300
Processing by Rails::WelcomeController#index as HTML
  Rendering /Users/fred/.rvm/gems/ruby-2.7.4/gems/railties-7.0.4.3/lib/rails/templates/rails/welcome/index.html.erb
  Rendered /Users/fred/.rvm/gems/ruby-2.7.4/gems/railties-7.0.4.3/lib/rails/templates/rails/welcome/index.html.erb (Duration: 2.4ms | Allocations: 451)
Completed 200 OK in 5ms (Views: 4.5ms | Allocations: 1145)


Started GET "/" for 127.0.0.1 at 2023-03-22 18:01:58 +0300
Processing by Rails::WelcomeController#index as HTML
  Rendering /Users/fred/.rvm/gems/ruby-2.7.4/gems/railties-7.0.4.3/lib/rails/templates/rails/welcome/index.html.erb
  Rendered /Users/fred/.rvm/gems/ruby-2.7.4/gems/railties-7.0.4.3/lib/rails/templates/rails/welcome/index.html.erb (Duration: 0.1ms | Allocations: 16)
Completed 200 OK in 1ms (Views: 0.7ms | Allocations: 196)


Started GET "/" for 127.0.0.1 at 2023-03-22 18:01:59 +0300
Processing by Rails::WelcomeController#index as HTML
  Rendering /Users/fred/.rvm/gems/ruby-2.7.4/gems/railties-7.0.4.3/lib/rails/templates/rails/welcome/index.html.erb
  Rendered /Users/fred/.rvm/gems/ruby-2.7.4/gems/railties-7.0.4.3/lib/rails/templates/rails/welcome/index.html.erb (Duration: 0.1ms | Allocations: 16)
Completed 200 OK in 1ms (Views: 0.5ms | Allocations: 194)


